<?xml version="1.0" encoding="UTF-8"?>
<testng-results skipped="0" failed="0" total="4" passed="4">
  <reporter-output>
  </reporter-output>
  <suite name="ravi-suite" duration-ms="34829" started-at="2021-02-23T01:38:43Z" finished-at="2021-02-23T01:39:18Z">
    <groups>
    </groups>
    <test name="ravi-test" duration-ms="34829" started-at="2021-02-23T01:38:43Z" finished-at="2021-02-23T01:39:18Z">
      <class name="myPack.Ravi">
        <test-method status="PASS" signature="addEmp()[pri:0, instance:myPack.Ravi@2752f6e2]" name="addEmp" duration-ms="28550" started-at="2021-02-23T07:08:43Z" finished-at="2021-02-23T07:09:12Z">
          <reporter-output>
          </reporter-output>
        </test-method> <!-- addEmp -->
        <test-method status="PASS" signature="deleteEmp()[pri:0, instance:myPack.Ravi@2752f6e2]" name="deleteEmp" duration-ms="0" started-at="2021-02-23T07:09:12Z" finished-at="2021-02-23T07:09:12Z">
          <reporter-output>
          </reporter-output>
        </test-method> <!-- deleteEmp -->
        <test-method status="PASS" signature="editEmp()[pri:0, instance:myPack.Ravi@2752f6e2]" name="editEmp" duration-ms="1" started-at="2021-02-23T07:09:12Z" finished-at="2021-02-23T07:09:12Z">
          <reporter-output>
          </reporter-output>
        </test-method> <!-- editEmp -->
        <test-method status="PASS" signature="verifyLogin()[pri:0, instance:myPack.Ravi@2752f6e2]" name="verifyLogin" duration-ms="6262" started-at="2021-02-23T07:09:12Z" finished-at="2021-02-23T07:09:18Z">
          <reporter-output>
          </reporter-output>
        </test-method> <!-- verifyLogin -->
      </class> <!-- myPack.Ravi -->
    </test> <!-- ravi-test -->
  </suite> <!-- ravi-suite -->
</testng-results>
