<?xml version="1.0" encoding="UTF-8"?>
<!-- Generated by org.testng.reporters.JUnitXMLReporter -->
<testsuite hostname="Mahesh" name="ravi-test" tests="4" failures="0" timestamp="23 Feb 2021 01:39:18 GMT" time="34.829" errors="0">
  <testcase name="addEmp" time="28.55" classname="myPack.Ravi"/>
  <testcase name="deleteEmp" time="0.0" classname="myPack.Ravi"/>
  <testcase name="editEmp" time="0.001" classname="myPack.Ravi"/>
  <testcase name="verifyLogin" time="6.262" classname="myPack.Ravi"/>
</testsuite> <!-- ravi-test -->
