<?xml version="1.0" encoding="UTF-8"?>
<!-- Generated by org.testng.reporters.JUnitXMLReporter -->
<testsuite hostname="Mahesh" name="ravi-test" tests="6" failures="0" timestamp="25 Feb 2021 00:26:22 GMT" time="42.761" errors="0">
  <testcase name="addEmp" time="34.902" classname="myPack.Ravi"/>
  <testcase name="addLocation" time="0.002" classname="myPack.Ravi"/>
  <testcase name="deleteEmp" time="0.001" classname="myPack.Ravi"/>
  <testcase name="editEmp" time="0.008" classname="myPack.Ravi"/>
  <testcase name="editLocation" time="0.002" classname="myPack.Ravi"/>
  <testcase name="verifyLogin" time="7.815" classname="myPack.Ravi"/>
</testsuite> <!-- ravi-test -->
